c:\users\noé\documents\github\dungeonthing\project\game\x64\debug\vc143.pdb
c:\users\noé\documents\github\dungeonthing\project\game\x64\debug\vc143.idb
c:\users\noé\documents\github\dungeonthing\project\game\x64\debug\walls.obj
c:\users\noé\documents\github\dungeonthing\project\game\x64\debug\shop.obj
c:\users\noé\documents\github\dungeonthing\project\game\x64\debug\player.obj
c:\users\noé\documents\github\dungeonthing\project\game\x64\debug\objects.obj
c:\users\noé\documents\github\dungeonthing\project\game\x64\debug\money.obj
c:\users\noé\documents\github\dungeonthing\project\game\x64\debug\minimap.obj
c:\users\noé\documents\github\dungeonthing\project\game\x64\debug\menu.obj
c:\users\noé\documents\github\dungeonthing\project\game\x64\debug\math.obj
c:\users\noé\documents\github\dungeonthing\project\game\x64\debug\map.obj
c:\users\noé\documents\github\dungeonthing\project\game\x64\debug\main.obj
c:\users\noé\documents\github\dungeonthing\project\game\x64\debug\gamestate.obj
c:\users\noé\documents\github\dungeonthing\project\game\x64\debug\gameover.obj
c:\users\noé\documents\github\dungeonthing\project\game\x64\debug\gamehud.obj
c:\users\noé\documents\github\dungeonthing\project\game\x64\debug\game.obj
c:\users\noé\documents\github\dungeonthing\project\game\x64\debug\enemy.obj
c:\users\noé\documents\github\dungeonthing\project\game\x64\debug\camera.obj
c:\users\noé\documents\github\dungeonthing\project\game\x64\debug\bullet.obj
c:\users\noé\documents\github\dungeonthing\project\game\x64\debug\animator.obj
c:\users\noé\documents\github\dungeonthing\project\x64\debug\game.exe
c:\users\noé\documents\github\dungeonthing\project\x64\debug\game.pdb
c:\users\noé\documents\github\dungeonthing\project\game\x64\debug\game.ilk
c:\users\noé\documents\github\dungeonthing\project\game\x64\debug\game.tlog\cl.command.1.tlog
c:\users\noé\documents\github\dungeonthing\project\game\x64\debug\game.tlog\cl.items.tlog
c:\users\noé\documents\github\dungeonthing\project\game\x64\debug\game.tlog\cl.read.1.tlog
c:\users\noé\documents\github\dungeonthing\project\game\x64\debug\game.tlog\cl.write.1.tlog
c:\users\noé\documents\github\dungeonthing\project\game\x64\debug\game.tlog\link.command.1.tlog
c:\users\noé\documents\github\dungeonthing\project\game\x64\debug\game.tlog\link.read.1.tlog
c:\users\noé\documents\github\dungeonthing\project\game\x64\debug\game.tlog\link.secondary.1.tlog
c:\users\noé\documents\github\dungeonthing\project\game\x64\debug\game.tlog\link.write.1.tlog
